{
    "stats": {
      "suites": 3,
      "tests": 34,
      "passes": 34,
      "pending": 0,
      "failures": 0,
      "start": "2020-07-27T12:48:12.756Z",
      "end": "2020-07-27T12:48:12.756Z",
      "duration": 104462,
      "testsRegistered": 34,
      "passPercent": 100,
      "pendingPercent": 0,
      "other": 0,
      "hasOther": false,
      "skipped": 0,
      "hasSkipped": false
    },
    "results": [
      {
        "uuid": "a180c9dd-a7c0-473f-af8c-dfbf5f81af24",
        "title": "",
        "fullFile": "cypress\\integration\\younited-credit\\marie.spec.js",
        "file": "cypress\\integration\\younited-credit\\marie.spec.js",
        "beforeHooks": [],
        "afterHooks": [],
        "tests": [],
        "suites": [
          {
            "uuid": "df8a8480-b206-4688-a818-51e5f1bb69ae",
            "title": "Maried credit",
            "fullFile": "",
            "file": "",
            "beforeHooks": [],
            "afterHooks": [],
            "tests": [
              {
                "title": "page d'accueil",
                "fullTitle": "Maried credit page d'accueil",
                "timedOut": null,
                "duration": 8467,
                "state": "passed",
                "speed": "slow",
                "pass": true,
                "fail": false,
                "pending": false,
                "context": null,
                "code": "cy.choix_user(marier.projet);\ncy.wait(3000);\ncy.buttonClick('CONTINUER');",
                "err": {},
                "uuid": "91f602fa-18e0-45f3-9fd7-929906d63113",
                "parentUUID": "df8a8480-b206-4688-a818-51e5f1bb69ae",
                "isHook": false,
                "skipped": false
              },
              {
                "title": "Email",
                "fullTitle": "Maried credit Email",
                "timedOut": null,
                "duration": 11778,
                "state": "passed",
                "speed": "slow",
                "pass": true,
                "fail": false,
                "pending": false,
                "context": null,
                "code": "cy.urlWebSite('/email');\ncy.pageTitle('Younited Credit');\ncy.wait(3000);\ncy.emailUser(marier.identity);\ncy.get('div').should('have.class', 'wrapper-input input-wrapper--valid');\ncy.wait(3000);\ncy.buttonClick('Voir mon offre personnalis├®e');",
                "err": {},
                "uuid": "577a4718-d4d2-421b-b354-95d979027d3a",
                "parentUUID": "df8a8480-b206-4688-a818-51e5f1bb69ae",
                "isHook": false,
                "skipped": false
              },
              {
                "title": "Situation familiale",
                "fullTitle": "Maried credit Situation familiale",
                "timedOut": null,
                "duration": 739,
                "state": "passed",
                "speed": "slow",
                "pass": true,
                "fail": false,
                "pending": false,
                "context": null,
                "code": "cy.urlWebSite('/familysituation');\ncy.pageTitle('Younited Credit');\ncy.situation_familiale_user(marier.identity);\ncy.get('[type=\"checkbox\"]').uncheck({\n  force: true\n});\ncy.buttonClick('Suite');",
                "err": {},
                "uuid": "de5b69a7-c23c-4060-914c-95febb63a7d0",
                "parentUUID": "df8a8480-b206-4688-a818-51e5f1bb69ae",
                "isHook": false,
                "skipped": false
              },
              {
                "title": "logement",
                "fullTitle": "Maried credit logement",
                "timedOut": null,
                "duration": 768,
                "state": "passed",
                "speed": "slow",
                "pass": true,
                "fail": false,
                "pending": false,
                "context": null,
                "code": "cy.urlWebSite('/housing');\ncy.pageTitle('Younited Credit');\ncy.situation_user(marier.logement);\ncy.get('[type=\"checkbox\"]').uncheck({\n  force: true\n});\ncy.buttonClick('Suite');",
                "err": {},
                "uuid": "39431cea-9c88-4088-8a0f-4fddfc56b942",
                "parentUUID": "df8a8480-b206-4688-a818-51e5f1bb69ae",
                "isHook": false,
                "skipped": false
              },
              {
                "title": "Situation profetionnelle",
                "fullTitle": "Maried credit Situation profetionnelle",
                "timedOut": null,
                "duration": 1168,
                "state": "passed",
                "speed": "slow",
                "pass": true,
                "fail": false,
                "pending": false,
                "context": null,
                "code": "cy.urlWebSite('/professionalsituation');\ncy.pageTitle('Younited Credit');\ncy.activityCeliba(marier.activityStatus, marier.activity);\ncy.get('#ISCOMPANYBANKRUPT_FALSE').check({\n  force: true\n}).should('be.checked');\ncy.buttonClick('Suite');",
                "err": {},
                "uuid": "b3c39113-1800-4aa1-a71d-5a7053b1640c",
                "parentUUID": "df8a8480-b206-4688-a818-51e5f1bb69ae",
                "isHook": false,
                "skipped": false
              },
              {
                "title": "secteur d'activit├® du partenaire",
                "fullTitle": "Maried credit secteur d'activit├® du partenaire",
                "timedOut": null,
                "duration": 1206,
                "state": "passed",
                "speed": "slow",
                "pass": true,
                "fail": false,
                "pending": false,
                "context": null,
                "code": "cy.urlWebSite('/partnerprofession');\ncy.pageTitle('Younited Credit');\ncy.activite_conjoint_user(marier.activityStatus_partenaire, marier.activity_partenaire);\ncy.buttonClick('Suite');",
                "err": {},
                "uuid": "016d72d4-5d86-44c8-af84-97045c98b722",
                "parentUUID": "df8a8480-b206-4688-a818-51e5f1bb69ae",
                "isHook": false,
                "skipped": false
              },
              {
                "title": "Revenu",
                "fullTitle": "Maried credit Revenu",
                "timedOut": null,
                "duration": 972,
                "state": "passed",
                "speed": "slow",
                "pass": true,
                "fail": false,
                "pending": false,
                "context": null,
                "code": "cy.urlWebSite('/incomes');\ncy.pageTitle('Younited Credit');\ncy.revenu_user(marier.mariedStatus, marier.activity, marier.logement, marier.activity_partenaire);\ncy.buttonClick('Suite');",
                "err": {},
                "uuid": "dc176640-705d-4b6e-94a9-163c317cc67d",
                "parentUUID": "df8a8480-b206-4688-a818-51e5f1bb69ae",
                "isHook": false,
                "skipped": false
              },
              {
                "title": "loyer",
                "fullTitle": "Maried credit loyer",
                "timedOut": null,
                "duration": 4199,
                "state": "passed",
                "speed": "slow",
                "pass": true,
                "fail": false,
                "pending": false,
                "context": null,
                "code": "cy.urlWebSite('/outcomes');\ncy.pageTitle('Younited Credit');\ncy.wait(3000);\ncy.loyerUser(marier.situation_logement, marier.logement);\ncy.buttonClick('Suite');",
                "err": {},
                "uuid": "8275bd2e-b955-4026-a47f-e80feee009f9",
                "parentUUID": "df8a8480-b206-4688-a818-51e5f1bb69ae",
                "isHook": false,
                "skipped": false
              },
              {
                "title": "Banque",
                "fullTitle": "Maried credit Banque",
                "timedOut": null,
                "duration": 664,
                "state": "passed",
                "speed": "slow",
                "pass": true,
                "fail": false,
                "pending": false,
                "context": null,
                "code": "cy.urlWebSite('/bank');\ncy.pageTitle('Younited Credit');\ncy.banque_user(marier.banque);\ncy.buttonClick('Suite');",
                "err": {},
                "uuid": "76d9c884-a8c6-4a8c-8393-091bd82aa060",
                "parentUUID": "df8a8480-b206-4688-a818-51e5f1bb69ae",
                "isHook": false,
                "skipped": false
              },
              {
                "title": "Identit├® user",
                "fullTitle": "Maried credit Identit├® user",
                "timedOut": null,
                "duration": 2309,
                "state": "passed",
                "speed": "slow",
                "pass": true,
                "fail": false,
                "pending": false,
                "context": null,
                "code": "cy.urlWebSite('/identity');\ncy.pageTitle('Younited Credit');\ncy.identity(marier.identity);\ncy.buttonClick('Suite');",
                "err": {},
                "uuid": "089c9dff-1aa2-41c7-baa7-13a67597477a",
                "parentUUID": "df8a8480-b206-4688-a818-51e5f1bb69ae",
                "isHook": false,
                "skipped": false
              },
              {
                "title": "identity du partenaire",
                "fullTitle": "Maried credit identity du partenaire",
                "timedOut": null,
                "duration": 5167,
                "state": "passed",
                "speed": "slow",
                "pass": true,
                "fail": false,
                "pending": false,
                "context": null,
                "code": "cy.urlWebSite('/partneridentity');\ncy.pageTitle('Younited Credit');\ncy.identity_Partner(marier.partnerStatus, marier.identity_partenaire);\ncy.buttonClick('Suite');",
                "err": {},
                "uuid": "4a953608-4a1e-416b-a845-35f01ba654ed",
                "parentUUID": "df8a8480-b206-4688-a818-51e5f1bb69ae",
                "isHook": false,
                "skipped": false
              },
              {
                "title": "Contact",
                "fullTitle": "Maried credit Contact",
                "timedOut": null,
                "duration": 2132,
                "state": "passed",
                "speed": "slow",
                "pass": true,
                "fail": false,
                "pending": false,
                "context": null,
                "code": "cy.urlWebSite('/contact');\ncy.pageTitle('Younited Credit');\ncy.contact(marier.identity);\ncy.buttonClick('Suite');",
                "err": {},
                "uuid": "2ae83b67-ca23-4f3b-860f-381b0b3ed5bf",
                "parentUUID": "df8a8480-b206-4688-a818-51e5f1bb69ae",
                "isHook": false,
                "skipped": false
              }
            ],
            "suites": [],
            "passes": [
              "91f602fa-18e0-45f3-9fd7-929906d63113",
              "577a4718-d4d2-421b-b354-95d979027d3a",
              "de5b69a7-c23c-4060-914c-95febb63a7d0",
              "39431cea-9c88-4088-8a0f-4fddfc56b942",
              "b3c39113-1800-4aa1-a71d-5a7053b1640c",
              "016d72d4-5d86-44c8-af84-97045c98b722",
              "dc176640-705d-4b6e-94a9-163c317cc67d",
              "8275bd2e-b955-4026-a47f-e80feee009f9",
              "76d9c884-a8c6-4a8c-8393-091bd82aa060",
              "089c9dff-1aa2-41c7-baa7-13a67597477a",
              "4a953608-4a1e-416b-a845-35f01ba654ed",
              "2ae83b67-ca23-4f3b-860f-381b0b3ed5bf"
            ],
            "failures": [],
            "pending": [],
            "skipped": [],
            "duration": 39569,
            "root": false,
            "rootEmpty": false,
            "_timeout": 2000
          }
        ],
        "passes": [],
        "failures": [],
        "pending": [],
        "skipped": [],
        "duration": 0,
        "root": true,
        "rootEmpty": true,
        "_timeout": 2000
      },
      {
        "uuid": "61a346e2-ddd5-46e5-b46a-29a4a08fc84e",
        "title": "",
        "fullFile": "cypress\\integration\\younited-credit\\pacs.spec.js",
        "file": "cypress\\integration\\younited-credit\\pacs.spec.js",
        "beforeHooks": [],
        "afterHooks": [],
        "tests": [],
        "suites": [
          {
            "uuid": "10b871ce-4e65-4060-bf87-c3a769b3dde6",
            "title": "Pacs credit",
            "fullFile": "",
            "file": "",
            "beforeHooks": [],
            "afterHooks": [],
            "tests": [
              {
                "title": "page d'accueil",
                "fullTitle": "Pacs credit page d'accueil",
                "timedOut": null,
                "duration": 7508,
                "state": "passed",
                "speed": "slow",
                "pass": true,
                "fail": false,
                "pending": false,
                "context": null,
                "code": "cy.choix_user(profile.projet);\ncy.wait(3000);\ncy.buttonClick('CONTINUER');",
                "err": {},
                "uuid": "7a01a764-4761-4949-8110-9dd88c61e64a",
                "parentUUID": "10b871ce-4e65-4060-bf87-c3a769b3dde6",
                "isHook": false,
                "skipped": false
              },
              {
                "title": "Email",
                "fullTitle": "Pacs credit Email",
                "timedOut": null,
                "duration": 11893,
                "state": "passed",
                "speed": "slow",
                "pass": true,
                "fail": false,
                "pending": false,
                "context": null,
                "code": "cy.urlWebSite('/email');\ncy.pageTitle('Younited Credit');\ncy.wait(3000);\ncy.emailUser(profile.identity);\ncy.get('div').should('have.class', 'wrapper-input input-wrapper--valid');\ncy.wait(3000);\ncy.buttonClick('Voir mon offre personnalis├®e');",
                "err": {},
                "uuid": "a4bccfe7-8992-47b9-a5d0-7875694ffbfd",
                "parentUUID": "10b871ce-4e65-4060-bf87-c3a769b3dde6",
                "isHook": false,
                "skipped": false
              },
              {
                "title": "Situation familiale",
                "fullTitle": "Pacs credit Situation familiale",
                "timedOut": null,
                "duration": 800,
                "state": "passed",
                "speed": "slow",
                "pass": true,
                "fail": false,
                "pending": false,
                "context": null,
                "code": "cy.urlWebSite('/familysituation');\ncy.pageTitle('Younited Credit');\ncy.situation_familiale_user(profile.identity);\ncy.get('[type=\"checkbox\"]').uncheck({\n  force: true\n});\ncy.buttonClick('Suite');",
                "err": {},
                "uuid": "1038baff-7347-4227-86ca-8c9c8fd6e9cf",
                "parentUUID": "10b871ce-4e65-4060-bf87-c3a769b3dde6",
                "isHook": false,
                "skipped": false
              },
              {
                "title": "logement",
                "fullTitle": "Pacs credit logement",
                "timedOut": null,
                "duration": 804,
                "state": "passed",
                "speed": "slow",
                "pass": true,
                "fail": false,
                "pending": false,
                "context": null,
                "code": "cy.urlWebSite('/housing');\ncy.pageTitle('Younited Credit');\ncy.situation_user(profile.logement);\ncy.get('[type=\"checkbox\"]').uncheck({\n  force: true\n});\ncy.buttonClick('Suite');",
                "err": {},
                "uuid": "3a4999f9-6e61-401e-b2e5-1d25fc766903",
                "parentUUID": "10b871ce-4e65-4060-bf87-c3a769b3dde6",
                "isHook": false,
                "skipped": false
              },
              {
                "title": "Situation profetionnelle",
                "fullTitle": "Pacs credit Situation profetionnelle",
                "timedOut": null,
                "duration": 948,
                "state": "passed",
                "speed": "slow",
                "pass": true,
                "fail": false,
                "pending": false,
                "context": null,
                "code": "cy.urlWebSite('/professionalsituation');\ncy.pageTitle('Younited Credit');\ncy.activityCeliba(profile.activityStatus, profile.activity);\ncy.get('#ISCOMPANYBANKRUPT_FALSE').check({\n  force: true\n}).should('be.checked');\ncy.buttonClick('Suite');",
                "err": {},
                "uuid": "f71cca69-8947-4614-b9bc-87968d883924",
                "parentUUID": "10b871ce-4e65-4060-bf87-c3a769b3dde6",
                "isHook": false,
                "skipped": false
              },
              {
                "title": "Partner Activity Sector Test",
                "fullTitle": "Pacs credit Partner Activity Sector Test",
                "timedOut": null,
                "duration": 881,
                "state": "passed",
                "speed": "slow",
                "pass": true,
                "fail": false,
                "pending": false,
                "context": null,
                "code": "cy.urlWebSite('/partnerprofession');\ncy.pageTitle('Younited Credit');\ncy.activite_conjoint_user(profile.activityStatus_partenaire, profile.activity_partenaire);\ncy.buttonClick('Suite');",
                "err": {},
                "uuid": "4c275b68-a743-42f0-a4fc-35fb596f3f4f",
                "parentUUID": "10b871ce-4e65-4060-bf87-c3a769b3dde6",
                "isHook": false,
                "skipped": false
              },
              {
                "title": "Revenu",
                "fullTitle": "Pacs credit Revenu",
                "timedOut": null,
                "duration": 995,
                "state": "passed",
                "speed": "slow",
                "pass": true,
                "fail": false,
                "pending": false,
                "context": null,
                "code": "cy.urlWebSite('/incomes');\ncy.pageTitle('Younited Credit');\ncy.revenu_user({\n  \"isMariedOrPaced\": true\n}, profile.activity, profile.logement, profile.activity_partenaire);\ncy.buttonClick('Suite');",
                "err": {},
                "uuid": "9c05fd3f-5ca9-453b-9004-c05e2be31f4c",
                "parentUUID": "10b871ce-4e65-4060-bf87-c3a769b3dde6",
                "isHook": false,
                "skipped": false
              },
              {
                "title": "loyer",
                "fullTitle": "Pacs credit loyer",
                "timedOut": null,
                "duration": 916,
                "state": "passed",
                "speed": "slow",
                "pass": true,
                "fail": false,
                "pending": false,
                "context": null,
                "code": "cy.urlWebSite('/outcomes');\ncy.pageTitle('Younited Credit');\ncy.loyerUser(profile.situation_logement, profile.logement);\ncy.buttonClick('Suite');",
                "err": {},
                "uuid": "1ef4de99-34d5-457f-b219-e0701ec4074c",
                "parentUUID": "10b871ce-4e65-4060-bf87-c3a769b3dde6",
                "isHook": false,
                "skipped": false
              },
              {
                "title": "Banque",
                "fullTitle": "Pacs credit Banque",
                "timedOut": null,
                "duration": 678,
                "state": "passed",
                "speed": "slow",
                "pass": true,
                "fail": false,
                "pending": false,
                "context": null,
                "code": "cy.urlWebSite('/bank');\ncy.pageTitle('Younited Credit');\ncy.banque_user(profile.banque);\ncy.buttonClick('Suite');",
                "err": {},
                "uuid": "a7899de3-fc6b-4126-902a-794032d82d7f",
                "parentUUID": "10b871ce-4e65-4060-bf87-c3a769b3dde6",
                "isHook": false,
                "skipped": false
              },
              {
                "title": "Identit├® user",
                "fullTitle": "Pacs credit Identit├® user",
                "timedOut": null,
                "duration": 2408,
                "state": "passed",
                "speed": "slow",
                "pass": true,
                "fail": false,
                "pending": false,
                "context": null,
                "code": "cy.urlWebSite('/identity');\ncy.pageTitle('Younited Credit');\ncy.identity(profile.identity);\ncy.buttonClick('Suite');",
                "err": {},
                "uuid": "c90332f0-e9ec-4957-b7a3-3a4516640ec7",
                "parentUUID": "10b871ce-4e65-4060-bf87-c3a769b3dde6",
                "isHook": false,
                "skipped": false
              },
              {
                "title": "identity du partenaire",
                "fullTitle": "Pacs credit identity du partenaire",
                "timedOut": null,
                "duration": 5032,
                "state": "passed",
                "speed": "slow",
                "pass": true,
                "fail": false,
                "pending": false,
                "context": null,
                "code": "cy.urlWebSite('/partneridentity');\ncy.pageTitle('Younited Credit');\ncy.identity_Partner(profile.partnerStatus, profile.identity_partenaire);\ncy.buttonClick('Suite');",
                "err": {},
                "uuid": "24272124-f9a7-4a44-b52d-be3947b05e98",
                "parentUUID": "10b871ce-4e65-4060-bf87-c3a769b3dde6",
                "isHook": false,
                "skipped": false
              },
              {
                "title": "Contact",
                "fullTitle": "Pacs credit Contact",
                "timedOut": null,
                "duration": 2301,
                "state": "passed",
                "speed": "slow",
                "pass": true,
                "fail": false,
                "pending": false,
                "context": null,
                "code": "cy.urlWebSite('/contact');\ncy.pageTitle('Younited Credit');\ncy.contact(profile.identity);\ncy.buttonClick('Suite');",
                "err": {},
                "uuid": "0d47bfab-8428-44e0-a0c9-dfd26b734381",
                "parentUUID": "10b871ce-4e65-4060-bf87-c3a769b3dde6",
                "isHook": false,
                "skipped": false
              }
            ],
            "suites": [],
            "passes": [
              "7a01a764-4761-4949-8110-9dd88c61e64a",
              "a4bccfe7-8992-47b9-a5d0-7875694ffbfd",
              "1038baff-7347-4227-86ca-8c9c8fd6e9cf",
              "3a4999f9-6e61-401e-b2e5-1d25fc766903",
              "f71cca69-8947-4614-b9bc-87968d883924",
              "4c275b68-a743-42f0-a4fc-35fb596f3f4f",
              "9c05fd3f-5ca9-453b-9004-c05e2be31f4c",
              "1ef4de99-34d5-457f-b219-e0701ec4074c",
              "a7899de3-fc6b-4126-902a-794032d82d7f",
              "c90332f0-e9ec-4957-b7a3-3a4516640ec7",
              "24272124-f9a7-4a44-b52d-be3947b05e98",
              "0d47bfab-8428-44e0-a0c9-dfd26b734381"
            ],
            "failures": [],
            "pending": [],
            "skipped": [],
            "duration": 35164,
            "root": false,
            "rootEmpty": false,
            "_timeout": 2000
          }
        ],
        "passes": [],
        "failures": [],
        "pending": [],
        "skipped": [],
        "duration": 0,
        "root": true,
        "rootEmpty": true,
        "_timeout": 2000
      },
      {
        "uuid": "06e45b15-fe6c-409f-aed1-2d26d64e2641",
        "title": "",
        "fullFile": "cypress\\integration\\younited-credit\\celib.spec.js",
        "file": "cypress\\integration\\younited-credit\\celib.spec.js",
        "beforeHooks": [],
        "afterHooks": [],
        "tests": [],
        "suites": [
          {
            "uuid": "a0e81490-cdbe-47f7-b39e-daec2f4e735f",
            "title": " Celib credit ",
            "fullFile": "",
            "file": "",
            "beforeHooks": [],
            "afterHooks": [],
            "tests": [
              {
                "title": "page d'accueil",
                "fullTitle": " Celib credit  page d'accueil",
                "timedOut": null,
                "duration": 8845,
                "state": "passed",
                "speed": "slow",
                "pass": true,
                "fail": false,
                "pending": false,
                "context": null,
                "code": "cy.choix_user(celib.projet);\ncy.wait(3000);\ncy.buttonClick('CONTINUER');",
                "err": {},
                "uuid": "3cea8c09-ecc3-444d-9bdb-9ecb83c8f61d",
                "parentUUID": "a0e81490-cdbe-47f7-b39e-daec2f4e735f",
                "isHook": false,
                "skipped": false
              },
              {
                "title": "Email",
                "fullTitle": " Celib credit  Email",
                "timedOut": null,
                "duration": 10965,
                "state": "passed",
                "speed": "slow",
                "pass": true,
                "fail": false,
                "pending": false,
                "context": null,
                "code": "cy.urlWebSite('/email');\ncy.pageTitle('Younited Credit');\ncy.wait(3000);\ncy.emailUser(celib.identity);\ncy.get('div').should('have.class', 'wrapper-input input-wrapper--valid');\ncy.wait(3000);\ncy.buttonClick('Voir mon offre personnalis├®e');",
                "err": {},
                "uuid": "5a0776a9-95c7-4bd8-bf06-540f74b4aa5c",
                "parentUUID": "a0e81490-cdbe-47f7-b39e-daec2f4e735f",
                "isHook": false,
                "skipped": false
              },
              {
                "title": "Situation familiale",
                "fullTitle": " Celib credit  Situation familiale",
                "timedOut": null,
                "duration": 724,
                "state": "passed",
                "speed": "slow",
                "pass": true,
                "fail": false,
                "pending": false,
                "context": null,
                "code": "cy.urlWebSite('/familysituation');\ncy.pageTitle('Younited Credit');\ncy.situation_familiale_user(celib.identity);\ncy.get('[type=\"checkbox\"]').uncheck({\n  force: true\n});\ncy.buttonClick('Suite');",
                "err": {},
                "uuid": "1c828705-2de4-4bef-8236-4ef567813de9",
                "parentUUID": "a0e81490-cdbe-47f7-b39e-daec2f4e735f",
                "isHook": false,
                "skipped": false
              },
              {
                "title": "logement",
                "fullTitle": " Celib credit  logement",
                "timedOut": null,
                "duration": 812,
                "state": "passed",
                "speed": "slow",
                "pass": true,
                "fail": false,
                "pending": false,
                "context": null,
                "code": "cy.urlWebSite('/housing');\ncy.pageTitle('Younited Credit');\ncy.situation_user(celib.logement);\ncy.get('[type=\"checkbox\"]').uncheck({\n  force: true\n});\ncy.buttonClick('Suite');",
                "err": {},
                "uuid": "246d43ab-4b0d-478b-9544-6e206be931fd",
                "parentUUID": "a0e81490-cdbe-47f7-b39e-daec2f4e735f",
                "isHook": false,
                "skipped": false
              },
              {
                "title": "Situation profetionnelle",
                "fullTitle": " Celib credit  Situation profetionnelle",
                "timedOut": null,
                "duration": 1036,
                "state": "passed",
                "speed": "slow",
                "pass": true,
                "fail": false,
                "pending": false,
                "context": null,
                "code": "cy.urlWebSite('/professionalsituation');\ncy.pageTitle('Younited Credit');\ncy.activityCeliba(celib.activityStatus, celib.activity);\ncy.get('#ISCOMPANYBANKRUPT_FALSE').check({\n  force: true\n}).should('be.checked');\ncy.buttonClick('Suite');",
                "err": {},
                "uuid": "5265541d-a6ab-4917-829c-ea2d9ff2b130",
                "parentUUID": "a0e81490-cdbe-47f7-b39e-daec2f4e735f",
                "isHook": false,
                "skipped": false
              },
              {
                "title": "Revenu",
                "fullTitle": " Celib credit  Revenu",
                "timedOut": null,
                "duration": 830,
                "state": "passed",
                "speed": "slow",
                "pass": true,
                "fail": false,
                "pending": false,
                "context": null,
                "code": "cy.urlWebSite('/incomes');\ncy.pageTitle('Younited Credit');\ncy.revenu_user(celib.mariedStatus, celib.activity, celib.logement, celib.partnerActivity);\ncy.buttonClick('Suite');",
                "err": {},
                "uuid": "ec084951-c381-40a5-86b9-f2810ce72767",
                "parentUUID": "a0e81490-cdbe-47f7-b39e-daec2f4e735f",
                "isHook": false,
                "skipped": false
              },
              {
                "title": "loyer",
                "fullTitle": " Celib credit  loyer",
                "timedOut": null,
                "duration": 1091,
                "state": "passed",
                "speed": "slow",
                "pass": true,
                "fail": false,
                "pending": false,
                "context": null,
                "code": "cy.urlWebSite('/outcomes');\ncy.pageTitle('Younited Credit');\ncy.loyer_User(celib.situation_logement, celib.logement);\ncy.buttonClick('Suite');",
                "err": {},
                "uuid": "ad2ff85a-9dee-4f38-885f-a4d4bf1e97e6",
                "parentUUID": "a0e81490-cdbe-47f7-b39e-daec2f4e735f",
                "isHook": false,
                "skipped": false
              },
              {
                "title": "Banque celibataire",
                "fullTitle": " Celib credit  Banque celibataire",
                "timedOut": null,
                "duration": 761,
                "state": "passed",
                "speed": "slow",
                "pass": true,
                "fail": false,
                "pending": false,
                "context": null,
                "code": "cy.urlWebSite('/bank');\ncy.pageTitle('Younited Credit');\ncy.banque_user(celib.banque);\ncy.buttonClick('Suite');",
                "err": {},
                "uuid": "41d04e4a-753e-4812-a598-478a8083a57a",
                "parentUUID": "a0e81490-cdbe-47f7-b39e-daec2f4e735f",
                "isHook": false,
                "skipped": false
              },
              {
                "title": "Identit├® user celibataire",
                "fullTitle": " Celib credit  Identit├® user celibataire",
                "timedOut": null,
                "duration": 2350,
                "state": "passed",
                "speed": "slow",
                "pass": true,
                "fail": false,
                "pending": false,
                "context": null,
                "code": "cy.urlWebSite('/identity');\ncy.pageTitle('Younited Credit');\ncy.identity(celib.identity);\ncy.buttonClick('Suite');",
                "err": {},
                "uuid": "fec68858-cf97-476a-96fd-55f4e5c29733",
                "parentUUID": "a0e81490-cdbe-47f7-b39e-daec2f4e735f",
                "isHook": false,
                "skipped": false
              },
              {
                "title": "Contact",
                "fullTitle": " Celib credit  Contact",
                "timedOut": null,
                "duration": 2315,
                "state": "passed",
                "speed": "slow",
                "pass": true,
                "fail": false,
                "pending": false,
                "context": null,
                "code": "cy.urlWebSite('/contact');\ncy.pageTitle('Younited Credit');\ncy.contact(celib.identity);\ncy.buttonClick('Suite');",
                "err": {},
                "uuid": "193f1422-01c1-4ac3-9b4d-e3e3b9feb2e2",
                "parentUUID": "a0e81490-cdbe-47f7-b39e-daec2f4e735f",
                "isHook": false,
                "skipped": false
              }
            ],
            "suites": [],
            "passes": [
              "3cea8c09-ecc3-444d-9bdb-9ecb83c8f61d",
              "5a0776a9-95c7-4bd8-bf06-540f74b4aa5c",
              "1c828705-2de4-4bef-8236-4ef567813de9",
              "246d43ab-4b0d-478b-9544-6e206be931fd",
              "5265541d-a6ab-4917-829c-ea2d9ff2b130",
              "ec084951-c381-40a5-86b9-f2810ce72767",
              "ad2ff85a-9dee-4f38-885f-a4d4bf1e97e6",
              "41d04e4a-753e-4812-a598-478a8083a57a",
              "fec68858-cf97-476a-96fd-55f4e5c29733",
              "193f1422-01c1-4ac3-9b4d-e3e3b9feb2e2"
            ],
            "failures": [],
            "pending": [],
            "skipped": [],
            "duration": 29729,
            "root": false,
            "rootEmpty": false,
            "_timeout": 2000
          }
        ],
        "passes": [],
        "failures": [],
        "pending": [],
        "skipped": [],
        "duration": 0,
        "root": true,
        "rootEmpty": true,
        "_timeout": 2000
      }
    ],
    "meta": {
      "mocha": {
        "version": "7.0.1"
      },
      "mochawesome": {
        "options": {
          "quiet": false,
          "reportFilename": "mochawesome",
          "saveHtml": false,
          "saveJson": true,
          "consoleReporter": "spec",
          "useInlineDiffs": false,
          "code": true
        },
        "version": "6.1.1"
      },
      "marge": {
        "options": {
          "reportDir": "cypress/results",
          "overwrite": false,
          "html": false,
          "json": true
        },
        "version": "5.1.0"
      }
    }
  }
  