{
  "stats": {
    "suites": 1,
    "tests": 12,
    "passes": 12,
    "pending": 0,
    "failures": 0,
    "start": "2020-07-27T12:43:48.038Z",
    "end": "2020-07-27T12:44:25.052Z",
    "duration": 37014,
    "testsRegistered": 12,
    "passPercent": 100,
    "pendingPercent": 0,
    "other": 0,
    "hasOther": false,
    "skipped": 0,
    "hasSkipped": false
  },
  "results": [
    {
      "uuid": "61a346e2-ddd5-46e5-b46a-29a4a08fc84e",
      "title": "",
      "fullFile": "cypress\\integration\\younited-credit\\pacs.spec.js",
      "file": "cypress\\integration\\younited-credit\\pacs.spec.js",
      "beforeHooks": [],
      "afterHooks": [],
      "tests": [],
      "suites": [
        {
          "uuid": "10b871ce-4e65-4060-bf87-c3a769b3dde6",
          "title": "Pacs credit",
          "fullFile": "",
          "file": "",
          "beforeHooks": [],
          "afterHooks": [],
          "tests": [
            {
              "title": "page d'accueil",
              "fullTitle": "Pacs credit page d'accueil",
              "timedOut": null,
              "duration": 7508,
              "state": "passed",
              "speed": "slow",
              "pass": true,
              "fail": false,
              "pending": false,
              "context": null,
              "code": "cy.choix_user(profile.projet);\ncy.wait(3000);\ncy.buttonClick('CONTINUER');",
              "err": {},
              "uuid": "7a01a764-4761-4949-8110-9dd88c61e64a",
              "parentUUID": "10b871ce-4e65-4060-bf87-c3a769b3dde6",
              "isHook": false,
              "skipped": false
            },
            {
              "title": "Email",
              "fullTitle": "Pacs credit Email",
              "timedOut": null,
              "duration": 11893,
              "state": "passed",
              "speed": "slow",
              "pass": true,
              "fail": false,
              "pending": false,
              "context": null,
              "code": "cy.urlWebSite('/email');\ncy.pageTitle('Younited Credit');\ncy.wait(3000);\ncy.emailUser(profile.identity);\ncy.get('div').should('have.class', 'wrapper-input input-wrapper--valid');\ncy.wait(3000);\ncy.buttonClick('Voir mon offre personnalisée');",
              "err": {},
              "uuid": "a4bccfe7-8992-47b9-a5d0-7875694ffbfd",
              "parentUUID": "10b871ce-4e65-4060-bf87-c3a769b3dde6",
              "isHook": false,
              "skipped": false
            },
            {
              "title": "Situation familiale",
              "fullTitle": "Pacs credit Situation familiale",
              "timedOut": null,
              "duration": 800,
              "state": "passed",
              "speed": "slow",
              "pass": true,
              "fail": false,
              "pending": false,
              "context": null,
              "code": "cy.urlWebSite('/familysituation');\ncy.pageTitle('Younited Credit');\ncy.situation_familiale_user(profile.identity);\ncy.get('[type=\"checkbox\"]').uncheck({\n  force: true\n});\ncy.buttonClick('Suite');",
              "err": {},
              "uuid": "1038baff-7347-4227-86ca-8c9c8fd6e9cf",
              "parentUUID": "10b871ce-4e65-4060-bf87-c3a769b3dde6",
              "isHook": false,
              "skipped": false
            },
            {
              "title": "logement",
              "fullTitle": "Pacs credit logement",
              "timedOut": null,
              "duration": 804,
              "state": "passed",
              "speed": "slow",
              "pass": true,
              "fail": false,
              "pending": false,
              "context": null,
              "code": "cy.urlWebSite('/housing');\ncy.pageTitle('Younited Credit');\ncy.situation_user(profile.logement);\ncy.get('[type=\"checkbox\"]').uncheck({\n  force: true\n});\ncy.buttonClick('Suite');",
              "err": {},
              "uuid": "3a4999f9-6e61-401e-b2e5-1d25fc766903",
              "parentUUID": "10b871ce-4e65-4060-bf87-c3a769b3dde6",
              "isHook": false,
              "skipped": false
            },
            {
              "title": "Situation profetionnelle",
              "fullTitle": "Pacs credit Situation profetionnelle",
              "timedOut": null,
              "duration": 948,
              "state": "passed",
              "speed": "slow",
              "pass": true,
              "fail": false,
              "pending": false,
              "context": null,
              "code": "cy.urlWebSite('/professionalsituation');\ncy.pageTitle('Younited Credit');\ncy.activityCeliba(profile.activityStatus, profile.activity);\ncy.get('#ISCOMPANYBANKRUPT_FALSE').check({\n  force: true\n}).should('be.checked');\ncy.buttonClick('Suite');",
              "err": {},
              "uuid": "f71cca69-8947-4614-b9bc-87968d883924",
              "parentUUID": "10b871ce-4e65-4060-bf87-c3a769b3dde6",
              "isHook": false,
              "skipped": false
            },
            {
              "title": "Partner Activity Sector Test",
              "fullTitle": "Pacs credit Partner Activity Sector Test",
              "timedOut": null,
              "duration": 881,
              "state": "passed",
              "speed": "slow",
              "pass": true,
              "fail": false,
              "pending": false,
              "context": null,
              "code": "cy.urlWebSite('/partnerprofession');\ncy.pageTitle('Younited Credit');\ncy.activite_conjoint_user(profile.activityStatus_partenaire, profile.activity_partenaire);\ncy.buttonClick('Suite');",
              "err": {},
              "uuid": "4c275b68-a743-42f0-a4fc-35fb596f3f4f",
              "parentUUID": "10b871ce-4e65-4060-bf87-c3a769b3dde6",
              "isHook": false,
              "skipped": false
            },
            {
              "title": "Revenu",
              "fullTitle": "Pacs credit Revenu",
              "timedOut": null,
              "duration": 995,
              "state": "passed",
              "speed": "slow",
              "pass": true,
              "fail": false,
              "pending": false,
              "context": null,
              "code": "cy.urlWebSite('/incomes');\ncy.pageTitle('Younited Credit');\ncy.revenu_user({\n  \"isMariedOrPaced\": true\n}, profile.activity, profile.logement, profile.activity_partenaire);\ncy.buttonClick('Suite');",
              "err": {},
              "uuid": "9c05fd3f-5ca9-453b-9004-c05e2be31f4c",
              "parentUUID": "10b871ce-4e65-4060-bf87-c3a769b3dde6",
              "isHook": false,
              "skipped": false
            },
            {
              "title": "loyer",
              "fullTitle": "Pacs credit loyer",
              "timedOut": null,
              "duration": 916,
              "state": "passed",
              "speed": "slow",
              "pass": true,
              "fail": false,
              "pending": false,
              "context": null,
              "code": "cy.urlWebSite('/outcomes');\ncy.pageTitle('Younited Credit');\ncy.loyerUser(profile.situation_logement, profile.logement);\ncy.buttonClick('Suite');",
              "err": {},
              "uuid": "1ef4de99-34d5-457f-b219-e0701ec4074c",
              "parentUUID": "10b871ce-4e65-4060-bf87-c3a769b3dde6",
              "isHook": false,
              "skipped": false
            },
            {
              "title": "Banque",
              "fullTitle": "Pacs credit Banque",
              "timedOut": null,
              "duration": 678,
              "state": "passed",
              "speed": "slow",
              "pass": true,
              "fail": false,
              "pending": false,
              "context": null,
              "code": "cy.urlWebSite('/bank');\ncy.pageTitle('Younited Credit');\ncy.banque_user(profile.banque);\ncy.buttonClick('Suite');",
              "err": {},
              "uuid": "a7899de3-fc6b-4126-902a-794032d82d7f",
              "parentUUID": "10b871ce-4e65-4060-bf87-c3a769b3dde6",
              "isHook": false,
              "skipped": false
            },
            {
              "title": "Identité user",
              "fullTitle": "Pacs credit Identité user",
              "timedOut": null,
              "duration": 2408,
              "state": "passed",
              "speed": "slow",
              "pass": true,
              "fail": false,
              "pending": false,
              "context": null,
              "code": "cy.urlWebSite('/identity');\ncy.pageTitle('Younited Credit');\ncy.identity(profile.identity);\ncy.buttonClick('Suite');",
              "err": {},
              "uuid": "c90332f0-e9ec-4957-b7a3-3a4516640ec7",
              "parentUUID": "10b871ce-4e65-4060-bf87-c3a769b3dde6",
              "isHook": false,
              "skipped": false
            },
            {
              "title": "identity du partenaire",
              "fullTitle": "Pacs credit identity du partenaire",
              "timedOut": null,
              "duration": 5032,
              "state": "passed",
              "speed": "slow",
              "pass": true,
              "fail": false,
              "pending": false,
              "context": null,
              "code": "cy.urlWebSite('/partneridentity');\ncy.pageTitle('Younited Credit');\ncy.identity_Partner(profile.partnerStatus, profile.identity_partenaire);\ncy.buttonClick('Suite');",
              "err": {},
              "uuid": "24272124-f9a7-4a44-b52d-be3947b05e98",
              "parentUUID": "10b871ce-4e65-4060-bf87-c3a769b3dde6",
              "isHook": false,
              "skipped": false
            },
            {
              "title": "Contact",
              "fullTitle": "Pacs credit Contact",
              "timedOut": null,
              "duration": 2301,
              "state": "passed",
              "speed": "slow",
              "pass": true,
              "fail": false,
              "pending": false,
              "context": null,
              "code": "cy.urlWebSite('/contact');\ncy.pageTitle('Younited Credit');\ncy.contact(profile.identity);\ncy.buttonClick('Suite');",
              "err": {},
              "uuid": "0d47bfab-8428-44e0-a0c9-dfd26b734381",
              "parentUUID": "10b871ce-4e65-4060-bf87-c3a769b3dde6",
              "isHook": false,
              "skipped": false
            }
          ],
          "suites": [],
          "passes": [
            "7a01a764-4761-4949-8110-9dd88c61e64a",
            "a4bccfe7-8992-47b9-a5d0-7875694ffbfd",
            "1038baff-7347-4227-86ca-8c9c8fd6e9cf",
            "3a4999f9-6e61-401e-b2e5-1d25fc766903",
            "f71cca69-8947-4614-b9bc-87968d883924",
            "4c275b68-a743-42f0-a4fc-35fb596f3f4f",
            "9c05fd3f-5ca9-453b-9004-c05e2be31f4c",
            "1ef4de99-34d5-457f-b219-e0701ec4074c",
            "a7899de3-fc6b-4126-902a-794032d82d7f",
            "c90332f0-e9ec-4957-b7a3-3a4516640ec7",
            "24272124-f9a7-4a44-b52d-be3947b05e98",
            "0d47bfab-8428-44e0-a0c9-dfd26b734381"
          ],
          "failures": [],
          "pending": [],
          "skipped": [],
          "duration": 35164,
          "root": false,
          "rootEmpty": false,
          "_timeout": 2000
        }
      ],
      "passes": [],
      "failures": [],
      "pending": [],
      "skipped": [],
      "duration": 0,
      "root": true,
      "rootEmpty": true,
      "_timeout": 2000
    }
  ],
  "meta": {
    "mocha": {
      "version": "7.0.1"
    },
    "mochawesome": {
      "options": {
        "quiet": false,
        "reportFilename": "mochawesome",
        "saveHtml": false,
        "saveJson": true,
        "consoleReporter": "spec",
        "useInlineDiffs": false,
        "code": true
      },
      "version": "6.1.1"
    },
    "marge": {
      "options": {
        "reportDir": "cypress/results",
        "overwrite": false,
        "html": false,
        "json": true
      },
      "version": "5.1.0"
    }
  }
}