{
  "stats": {
    "suites": 1,
    "tests": 10,
    "passes": 10,
    "pending": 0,
    "failures": 0,
    "start": "2020-07-27T12:42:22.242Z",
    "end": "2020-07-27T12:42:53.927Z",
    "duration": 31685,
    "testsRegistered": 10,
    "passPercent": 100,
    "pendingPercent": 0,
    "other": 0,
    "hasOther": false,
    "skipped": 0,
    "hasSkipped": false
  },
  "results": [
    {
      "uuid": "06e45b15-fe6c-409f-aed1-2d26d64e2641",
      "title": "",
      "fullFile": "cypress\\integration\\younited-credit\\celib.spec.js",
      "file": "cypress\\integration\\younited-credit\\celib.spec.js",
      "beforeHooks": [],
      "afterHooks": [],
      "tests": [],
      "suites": [
        {
          "uuid": "a0e81490-cdbe-47f7-b39e-daec2f4e735f",
          "title": " Celib credit ",
          "fullFile": "",
          "file": "",
          "beforeHooks": [],
          "afterHooks": [],
          "tests": [
            {
              "title": "page d'accueil",
              "fullTitle": " Celib credit  page d'accueil",
              "timedOut": null,
              "duration": 8845,
              "state": "passed",
              "speed": "slow",
              "pass": true,
              "fail": false,
              "pending": false,
              "context": null,
              "code": "cy.choix_user(celib.projet);\ncy.wait(3000);\ncy.buttonClick('CONTINUER');",
              "err": {},
              "uuid": "3cea8c09-ecc3-444d-9bdb-9ecb83c8f61d",
              "parentUUID": "a0e81490-cdbe-47f7-b39e-daec2f4e735f",
              "isHook": false,
              "skipped": false
            },
            {
              "title": "Email",
              "fullTitle": " Celib credit  Email",
              "timedOut": null,
              "duration": 10965,
              "state": "passed",
              "speed": "slow",
              "pass": true,
              "fail": false,
              "pending": false,
              "context": null,
              "code": "cy.urlWebSite('/email');\ncy.pageTitle('Younited Credit');\ncy.wait(3000);\ncy.emailUser(celib.identity);\ncy.get('div').should('have.class', 'wrapper-input input-wrapper--valid');\ncy.wait(3000);\ncy.buttonClick('Voir mon offre personnalisée');",
              "err": {},
              "uuid": "5a0776a9-95c7-4bd8-bf06-540f74b4aa5c",
              "parentUUID": "a0e81490-cdbe-47f7-b39e-daec2f4e735f",
              "isHook": false,
              "skipped": false
            },
            {
              "title": "Situation familiale",
              "fullTitle": " Celib credit  Situation familiale",
              "timedOut": null,
              "duration": 724,
              "state": "passed",
              "speed": "slow",
              "pass": true,
              "fail": false,
              "pending": false,
              "context": null,
              "code": "cy.urlWebSite('/familysituation');\ncy.pageTitle('Younited Credit');\ncy.situation_familiale_user(celib.identity);\ncy.get('[type=\"checkbox\"]').uncheck({\n  force: true\n});\ncy.buttonClick('Suite');",
              "err": {},
              "uuid": "1c828705-2de4-4bef-8236-4ef567813de9",
              "parentUUID": "a0e81490-cdbe-47f7-b39e-daec2f4e735f",
              "isHook": false,
              "skipped": false
            },
            {
              "title": "logement",
              "fullTitle": " Celib credit  logement",
              "timedOut": null,
              "duration": 812,
              "state": "passed",
              "speed": "slow",
              "pass": true,
              "fail": false,
              "pending": false,
              "context": null,
              "code": "cy.urlWebSite('/housing');\ncy.pageTitle('Younited Credit');\ncy.situation_user(celib.logement);\ncy.get('[type=\"checkbox\"]').uncheck({\n  force: true\n});\ncy.buttonClick('Suite');",
              "err": {},
              "uuid": "246d43ab-4b0d-478b-9544-6e206be931fd",
              "parentUUID": "a0e81490-cdbe-47f7-b39e-daec2f4e735f",
              "isHook": false,
              "skipped": false
            },
            {
              "title": "Situation profetionnelle",
              "fullTitle": " Celib credit  Situation profetionnelle",
              "timedOut": null,
              "duration": 1036,
              "state": "passed",
              "speed": "slow",
              "pass": true,
              "fail": false,
              "pending": false,
              "context": null,
              "code": "cy.urlWebSite('/professionalsituation');\ncy.pageTitle('Younited Credit');\ncy.activityCeliba(celib.activityStatus, celib.activity);\ncy.get('#ISCOMPANYBANKRUPT_FALSE').check({\n  force: true\n}).should('be.checked');\ncy.buttonClick('Suite');",
              "err": {},
              "uuid": "5265541d-a6ab-4917-829c-ea2d9ff2b130",
              "parentUUID": "a0e81490-cdbe-47f7-b39e-daec2f4e735f",
              "isHook": false,
              "skipped": false
            },
            {
              "title": "Revenu",
              "fullTitle": " Celib credit  Revenu",
              "timedOut": null,
              "duration": 830,
              "state": "passed",
              "speed": "slow",
              "pass": true,
              "fail": false,
              "pending": false,
              "context": null,
              "code": "cy.urlWebSite('/incomes');\ncy.pageTitle('Younited Credit');\ncy.revenu_user(celib.mariedStatus, celib.activity, celib.logement, celib.partnerActivity);\ncy.buttonClick('Suite');",
              "err": {},
              "uuid": "ec084951-c381-40a5-86b9-f2810ce72767",
              "parentUUID": "a0e81490-cdbe-47f7-b39e-daec2f4e735f",
              "isHook": false,
              "skipped": false
            },
            {
              "title": "loyer",
              "fullTitle": " Celib credit  loyer",
              "timedOut": null,
              "duration": 1091,
              "state": "passed",
              "speed": "slow",
              "pass": true,
              "fail": false,
              "pending": false,
              "context": null,
              "code": "cy.urlWebSite('/outcomes');\ncy.pageTitle('Younited Credit');\ncy.loyer_User(celib.situation_logement, celib.logement);\ncy.buttonClick('Suite');",
              "err": {},
              "uuid": "ad2ff85a-9dee-4f38-885f-a4d4bf1e97e6",
              "parentUUID": "a0e81490-cdbe-47f7-b39e-daec2f4e735f",
              "isHook": false,
              "skipped": false
            },
            {
              "title": "Banque celibataire",
              "fullTitle": " Celib credit  Banque celibataire",
              "timedOut": null,
              "duration": 761,
              "state": "passed",
              "speed": "slow",
              "pass": true,
              "fail": false,
              "pending": false,
              "context": null,
              "code": "cy.urlWebSite('/bank');\ncy.pageTitle('Younited Credit');\ncy.banque_user(celib.banque);\ncy.buttonClick('Suite');",
              "err": {},
              "uuid": "41d04e4a-753e-4812-a598-478a8083a57a",
              "parentUUID": "a0e81490-cdbe-47f7-b39e-daec2f4e735f",
              "isHook": false,
              "skipped": false
            },
            {
              "title": "Identité user celibataire",
              "fullTitle": " Celib credit  Identité user celibataire",
              "timedOut": null,
              "duration": 2350,
              "state": "passed",
              "speed": "slow",
              "pass": true,
              "fail": false,
              "pending": false,
              "context": null,
              "code": "cy.urlWebSite('/identity');\ncy.pageTitle('Younited Credit');\ncy.identity(celib.identity);\ncy.buttonClick('Suite');",
              "err": {},
              "uuid": "fec68858-cf97-476a-96fd-55f4e5c29733",
              "parentUUID": "a0e81490-cdbe-47f7-b39e-daec2f4e735f",
              "isHook": false,
              "skipped": false
            },
            {
              "title": "Contact",
              "fullTitle": " Celib credit  Contact",
              "timedOut": null,
              "duration": 2315,
              "state": "passed",
              "speed": "slow",
              "pass": true,
              "fail": false,
              "pending": false,
              "context": null,
              "code": "cy.urlWebSite('/contact');\ncy.pageTitle('Younited Credit');\ncy.contact(celib.identity);\ncy.buttonClick('Suite');",
              "err": {},
              "uuid": "193f1422-01c1-4ac3-9b4d-e3e3b9feb2e2",
              "parentUUID": "a0e81490-cdbe-47f7-b39e-daec2f4e735f",
              "isHook": false,
              "skipped": false
            }
          ],
          "suites": [],
          "passes": [
            "3cea8c09-ecc3-444d-9bdb-9ecb83c8f61d",
            "5a0776a9-95c7-4bd8-bf06-540f74b4aa5c",
            "1c828705-2de4-4bef-8236-4ef567813de9",
            "246d43ab-4b0d-478b-9544-6e206be931fd",
            "5265541d-a6ab-4917-829c-ea2d9ff2b130",
            "ec084951-c381-40a5-86b9-f2810ce72767",
            "ad2ff85a-9dee-4f38-885f-a4d4bf1e97e6",
            "41d04e4a-753e-4812-a598-478a8083a57a",
            "fec68858-cf97-476a-96fd-55f4e5c29733",
            "193f1422-01c1-4ac3-9b4d-e3e3b9feb2e2"
          ],
          "failures": [],
          "pending": [],
          "skipped": [],
          "duration": 29729,
          "root": false,
          "rootEmpty": false,
          "_timeout": 2000
        }
      ],
      "passes": [],
      "failures": [],
      "pending": [],
      "skipped": [],
      "duration": 0,
      "root": true,
      "rootEmpty": true,
      "_timeout": 2000
    }
  ],
  "meta": {
    "mocha": {
      "version": "7.0.1"
    },
    "mochawesome": {
      "options": {
        "quiet": false,
        "reportFilename": "mochawesome",
        "saveHtml": false,
        "saveJson": true,
        "consoleReporter": "spec",
        "useInlineDiffs": false,
        "code": true
      },
      "version": "6.1.1"
    },
    "marge": {
      "options": {
        "reportDir": "cypress/results",
        "overwrite": false,
        "html": false,
        "json": true
      },
      "version": "5.1.0"
    }
  }
}