{
  "stats": {
    "suites": 1,
    "tests": 12,
    "passes": 12,
    "pending": 0,
    "failures": 0,
    "start": "2020-07-27T12:42:59.993Z",
    "end": "2020-07-27T12:43:41.487Z",
    "duration": 41494,
    "testsRegistered": 12,
    "passPercent": 100,
    "pendingPercent": 0,
    "other": 0,
    "hasOther": false,
    "skipped": 0,
    "hasSkipped": false
  },
  "results": [
    {
      "uuid": "a180c9dd-a7c0-473f-af8c-dfbf5f81af24",
      "title": "",
      "fullFile": "cypress\\integration\\younited-credit\\marie.spec.js",
      "file": "cypress\\integration\\younited-credit\\marie.spec.js",
      "beforeHooks": [],
      "afterHooks": [],
      "tests": [],
      "suites": [
        {
          "uuid": "df8a8480-b206-4688-a818-51e5f1bb69ae",
          "title": "Maried credit",
          "fullFile": "",
          "file": "",
          "beforeHooks": [],
          "afterHooks": [],
          "tests": [
            {
              "title": "page d'accueil",
              "fullTitle": "Maried credit page d'accueil",
              "timedOut": null,
              "duration": 8467,
              "state": "passed",
              "speed": "slow",
              "pass": true,
              "fail": false,
              "pending": false,
              "context": null,
              "code": "cy.choix_user(marier.projet);\ncy.wait(3000);\ncy.buttonClick('CONTINUER');",
              "err": {},
              "uuid": "91f602fa-18e0-45f3-9fd7-929906d63113",
              "parentUUID": "df8a8480-b206-4688-a818-51e5f1bb69ae",
              "isHook": false,
              "skipped": false
            },
            {
              "title": "Email",
              "fullTitle": "Maried credit Email",
              "timedOut": null,
              "duration": 11778,
              "state": "passed",
              "speed": "slow",
              "pass": true,
              "fail": false,
              "pending": false,
              "context": null,
              "code": "cy.urlWebSite('/email');\ncy.pageTitle('Younited Credit');\ncy.wait(3000);\ncy.emailUser(marier.identity);\ncy.get('div').should('have.class', 'wrapper-input input-wrapper--valid');\ncy.wait(3000);\ncy.buttonClick('Voir mon offre personnalisée');",
              "err": {},
              "uuid": "577a4718-d4d2-421b-b354-95d979027d3a",
              "parentUUID": "df8a8480-b206-4688-a818-51e5f1bb69ae",
              "isHook": false,
              "skipped": false
            },
            {
              "title": "Situation familiale",
              "fullTitle": "Maried credit Situation familiale",
              "timedOut": null,
              "duration": 739,
              "state": "passed",
              "speed": "slow",
              "pass": true,
              "fail": false,
              "pending": false,
              "context": null,
              "code": "cy.urlWebSite('/familysituation');\ncy.pageTitle('Younited Credit');\ncy.situation_familiale_user(marier.identity);\ncy.get('[type=\"checkbox\"]').uncheck({\n  force: true\n});\ncy.buttonClick('Suite');",
              "err": {},
              "uuid": "de5b69a7-c23c-4060-914c-95febb63a7d0",
              "parentUUID": "df8a8480-b206-4688-a818-51e5f1bb69ae",
              "isHook": false,
              "skipped": false
            },
            {
              "title": "logement",
              "fullTitle": "Maried credit logement",
              "timedOut": null,
              "duration": 768,
              "state": "passed",
              "speed": "slow",
              "pass": true,
              "fail": false,
              "pending": false,
              "context": null,
              "code": "cy.urlWebSite('/housing');\ncy.pageTitle('Younited Credit');\ncy.situation_user(marier.logement);\ncy.get('[type=\"checkbox\"]').uncheck({\n  force: true\n});\ncy.buttonClick('Suite');",
              "err": {},
              "uuid": "39431cea-9c88-4088-8a0f-4fddfc56b942",
              "parentUUID": "df8a8480-b206-4688-a818-51e5f1bb69ae",
              "isHook": false,
              "skipped": false
            },
            {
              "title": "Situation profetionnelle",
              "fullTitle": "Maried credit Situation profetionnelle",
              "timedOut": null,
              "duration": 1168,
              "state": "passed",
              "speed": "slow",
              "pass": true,
              "fail": false,
              "pending": false,
              "context": null,
              "code": "cy.urlWebSite('/professionalsituation');\ncy.pageTitle('Younited Credit');\ncy.activityCeliba(marier.activityStatus, marier.activity);\ncy.get('#ISCOMPANYBANKRUPT_FALSE').check({\n  force: true\n}).should('be.checked');\ncy.buttonClick('Suite');",
              "err": {},
              "uuid": "b3c39113-1800-4aa1-a71d-5a7053b1640c",
              "parentUUID": "df8a8480-b206-4688-a818-51e5f1bb69ae",
              "isHook": false,
              "skipped": false
            },
            {
              "title": "secteur d'activité du partenaire",
              "fullTitle": "Maried credit secteur d'activité du partenaire",
              "timedOut": null,
              "duration": 1206,
              "state": "passed",
              "speed": "slow",
              "pass": true,
              "fail": false,
              "pending": false,
              "context": null,
              "code": "cy.urlWebSite('/partnerprofession');\ncy.pageTitle('Younited Credit');\ncy.activite_conjoint_user(marier.activityStatus_partenaire, marier.activity_partenaire);\ncy.buttonClick('Suite');",
              "err": {},
              "uuid": "016d72d4-5d86-44c8-af84-97045c98b722",
              "parentUUID": "df8a8480-b206-4688-a818-51e5f1bb69ae",
              "isHook": false,
              "skipped": false
            },
            {
              "title": "Revenu",
              "fullTitle": "Maried credit Revenu",
              "timedOut": null,
              "duration": 972,
              "state": "passed",
              "speed": "slow",
              "pass": true,
              "fail": false,
              "pending": false,
              "context": null,
              "code": "cy.urlWebSite('/incomes');\ncy.pageTitle('Younited Credit');\ncy.revenu_user(marier.mariedStatus, marier.activity, marier.logement, marier.activity_partenaire);\ncy.buttonClick('Suite');",
              "err": {},
              "uuid": "dc176640-705d-4b6e-94a9-163c317cc67d",
              "parentUUID": "df8a8480-b206-4688-a818-51e5f1bb69ae",
              "isHook": false,
              "skipped": false
            },
            {
              "title": "loyer",
              "fullTitle": "Maried credit loyer",
              "timedOut": null,
              "duration": 4199,
              "state": "passed",
              "speed": "slow",
              "pass": true,
              "fail": false,
              "pending": false,
              "context": null,
              "code": "cy.urlWebSite('/outcomes');\ncy.pageTitle('Younited Credit');\ncy.wait(3000);\ncy.loyerUser(marier.situation_logement, marier.logement);\ncy.buttonClick('Suite');",
              "err": {},
              "uuid": "8275bd2e-b955-4026-a47f-e80feee009f9",
              "parentUUID": "df8a8480-b206-4688-a818-51e5f1bb69ae",
              "isHook": false,
              "skipped": false
            },
            {
              "title": "Banque",
              "fullTitle": "Maried credit Banque",
              "timedOut": null,
              "duration": 664,
              "state": "passed",
              "speed": "slow",
              "pass": true,
              "fail": false,
              "pending": false,
              "context": null,
              "code": "cy.urlWebSite('/bank');\ncy.pageTitle('Younited Credit');\ncy.banque_user(marier.banque);\ncy.buttonClick('Suite');",
              "err": {},
              "uuid": "76d9c884-a8c6-4a8c-8393-091bd82aa060",
              "parentUUID": "df8a8480-b206-4688-a818-51e5f1bb69ae",
              "isHook": false,
              "skipped": false
            },
            {
              "title": "Identité user",
              "fullTitle": "Maried credit Identité user",
              "timedOut": null,
              "duration": 2309,
              "state": "passed",
              "speed": "slow",
              "pass": true,
              "fail": false,
              "pending": false,
              "context": null,
              "code": "cy.urlWebSite('/identity');\ncy.pageTitle('Younited Credit');\ncy.identity(marier.identity);\ncy.buttonClick('Suite');",
              "err": {},
              "uuid": "089c9dff-1aa2-41c7-baa7-13a67597477a",
              "parentUUID": "df8a8480-b206-4688-a818-51e5f1bb69ae",
              "isHook": false,
              "skipped": false
            },
            {
              "title": "identity du partenaire",
              "fullTitle": "Maried credit identity du partenaire",
              "timedOut": null,
              "duration": 5167,
              "state": "passed",
              "speed": "slow",
              "pass": true,
              "fail": false,
              "pending": false,
              "context": null,
              "code": "cy.urlWebSite('/partneridentity');\ncy.pageTitle('Younited Credit');\ncy.identity_Partner(marier.partnerStatus, marier.identity_partenaire);\ncy.buttonClick('Suite');",
              "err": {},
              "uuid": "4a953608-4a1e-416b-a845-35f01ba654ed",
              "parentUUID": "df8a8480-b206-4688-a818-51e5f1bb69ae",
              "isHook": false,
              "skipped": false
            },
            {
              "title": "Contact",
              "fullTitle": "Maried credit Contact",
              "timedOut": null,
              "duration": 2132,
              "state": "passed",
              "speed": "slow",
              "pass": true,
              "fail": false,
              "pending": false,
              "context": null,
              "code": "cy.urlWebSite('/contact');\ncy.pageTitle('Younited Credit');\ncy.contact(marier.identity);\ncy.buttonClick('Suite');",
              "err": {},
              "uuid": "2ae83b67-ca23-4f3b-860f-381b0b3ed5bf",
              "parentUUID": "df8a8480-b206-4688-a818-51e5f1bb69ae",
              "isHook": false,
              "skipped": false
            }
          ],
          "suites": [],
          "passes": [
            "91f602fa-18e0-45f3-9fd7-929906d63113",
            "577a4718-d4d2-421b-b354-95d979027d3a",
            "de5b69a7-c23c-4060-914c-95febb63a7d0",
            "39431cea-9c88-4088-8a0f-4fddfc56b942",
            "b3c39113-1800-4aa1-a71d-5a7053b1640c",
            "016d72d4-5d86-44c8-af84-97045c98b722",
            "dc176640-705d-4b6e-94a9-163c317cc67d",
            "8275bd2e-b955-4026-a47f-e80feee009f9",
            "76d9c884-a8c6-4a8c-8393-091bd82aa060",
            "089c9dff-1aa2-41c7-baa7-13a67597477a",
            "4a953608-4a1e-416b-a845-35f01ba654ed",
            "2ae83b67-ca23-4f3b-860f-381b0b3ed5bf"
          ],
          "failures": [],
          "pending": [],
          "skipped": [],
          "duration": 39569,
          "root": false,
          "rootEmpty": false,
          "_timeout": 2000
        }
      ],
      "passes": [],
      "failures": [],
      "pending": [],
      "skipped": [],
      "duration": 0,
      "root": true,
      "rootEmpty": true,
      "_timeout": 2000
    }
  ],
  "meta": {
    "mocha": {
      "version": "7.0.1"
    },
    "mochawesome": {
      "options": {
        "quiet": false,
        "reportFilename": "mochawesome",
        "saveHtml": false,
        "saveJson": true,
        "consoleReporter": "spec",
        "useInlineDiffs": false,
        "code": true
      },
      "version": "6.1.1"
    },
    "marge": {
      "options": {
        "reportDir": "cypress/results",
        "overwrite": false,
        "html": false,
        "json": true
      },
      "version": "5.1.0"
    }
  }
}